\BOOKMARK [1][-]{section.1}{Introduction}{}% 1
\BOOKMARK [1][-]{section.2}{Ethical Research}{}% 2
\BOOKMARK [2][-]{subsection.2.1}{Fraud}{section.2}% 3
\BOOKMARK [2][-]{subsection.2.2}{Unintentional Bias}{section.2}% 4
\BOOKMARK [2][-]{subsection.2.3}{Institutional Review Boards}{section.2}% 5
\BOOKMARK [3][-]{subsubsection.2.3.1}{History}{subsection.2.3}% 6
\BOOKMARK [3][-]{subsubsection.2.3.2}{Training}{subsection.2.3}% 7
\BOOKMARK [1][-]{section.3}{Study Design}{}% 8
\BOOKMARK [2][-]{subsection.3.1}{Power Analysis}{section.3}% 9
\BOOKMARK [2][-]{subsection.3.2}{Practical Considerations}{section.3}% 10
\BOOKMARK [1][-]{section.4}{Registration}{}% 11
\BOOKMARK [2][-]{subsection.4.1}{Publication Bias}{section.4}% 12
\BOOKMARK [2][-]{subsection.4.2}{Trial Registration}{section.4}% 13
\BOOKMARK [2][-]{subsection.4.3}{Social Science Registries}{section.4}% 14
\BOOKMARK [2][-]{subsection.4.4}{Meta-Analysis Research}{section.4}% 15
\BOOKMARK [1][-]{section.5}{Researcher Degrees of Freedom}{}% 16
\BOOKMARK [2][-]{subsection.5.1}{Pre-Analysis Plans}{section.5}% 17
\BOOKMARK [3][-]{subsubsection.5.1.1}{Examples}{subsection.5.1}% 18
\BOOKMARK [3][-]{subsubsection.5.1.2}{Observational Pre-Analysis Plans}{subsection.5.1}% 19
\BOOKMARK [3][-]{subsubsection.5.1.3}{Project Protocols}{subsection.5.1}% 20
\BOOKMARK [2][-]{subsection.5.2}{Multiple Hypothesis Testing}{section.5}% 21
\BOOKMARK [2][-]{subsection.5.3}{Subgroup Analysis}{section.5}% 22
\BOOKMARK [2][-]{subsection.5.4}{Results-Blind Reviewing}{section.5}% 23
\BOOKMARK [1][-]{section.6}{Replication and Reproducibility}{}% 24
\BOOKMARK [2][-]{subsection.6.1}{Code and Workflow}{section.6}% 25
\BOOKMARK [3][-]{subsubsection.6.1.1}{Publicly Sharing Code}{subsection.6.1}% 26
\BOOKMARK [3][-]{subsubsection.6.1.2}{Managing Workflow}{subsection.6.1}% 27
\BOOKMARK [2][-]{subsection.6.2}{General Workflow Suggestions:}{section.6}% 28
\BOOKMARK [2][-]{subsection.6.3}{Stata-specific Suggestions}{section.6}% 29
\BOOKMARK [2][-]{subsection.6.4}{Sharing Data}{section.6}% 30
\BOOKMARK [3][-]{subsubsection.6.4.1}{The JMCB Project and Economics}{subsection.6.4}% 31
\BOOKMARK [3][-]{subsubsection.6.4.2}{General Repositories}{subsection.6.4}% 32
\BOOKMARK [3][-]{subsubsection.6.4.3}{Differential Privacy}{subsection.6.4}% 33
\BOOKMARK [2][-]{subsection.6.5}{Reporting Standards}{section.6}% 34
\BOOKMARK [3][-]{subsubsection.6.5.1}{Randomized Trials and CONSORT}{subsection.6.5}% 35
\BOOKMARK [2][-]{subsection.6.6}{Social Science Reporting Standards}{section.6}% 36
\BOOKMARK [2][-]{subsection.6.7}{Observational Reporting Standards}{section.6}% 37
\BOOKMARK [1][-]{section.7}{Conclusion}{}% 38
\BOOKMARK [1][-]{section.8}{Glossary of Terms}{}% 39
\BOOKMARK [1][-]{section*.9}{Bibliography}{}% 40
